<?xml version="1.0" encoding="UTF-8"?><testrun name="FeaturesTest (1)" project="pds_server" tests="19" started="19" failures="1" errors="0" ignored="0">
  <testsuite name="features.FeaturesTest" time="1.858">
    <testcase name="testNbUsersBis" classname="features.FeaturesTest" time="0.526"/>
    <testcase name="testAvgDurationLoan" classname="features.FeaturesTest" time="0.073"/>
    <testcase name="testNbInterest" classname="features.FeaturesTest" time="0.068"/>
    <testcase name="testNbSimulation" classname="features.FeaturesTest" time="0.078"/>
    <testcase name="testNbInterestBis" classname="features.FeaturesTest" time="0.066"/>
    <testcase name="testAvgRate" classname="features.FeaturesTest" time="0.085"/>
    <testcase name="avgAgeConsumerBis2" classname="features.FeaturesTest" time="0.159"/>
    <testcase name="avgAgeConsumer" classname="features.FeaturesTest" time="0.093">
      <failure>java.lang.AssertionError: expected:&lt;58.0&gt; but was:&lt;61.090363&gt;&#13;
	at org.junit.Assert.fail(Assert.java:88)&#13;
	at org.junit.Assert.failNotEquals(Assert.java:834)&#13;
	at org.junit.Assert.assertEquals(Assert.java:575)&#13;
	at org.junit.Assert.assertEquals(Assert.java:700)&#13;
	at features.FeaturesTest.avgAgeConsumer(FeaturesTest.java:161)&#13;
	at sun.reflect.NativeMethodAccessorImpl.invoke0(Native Method)&#13;
	at sun.reflect.NativeMethodAccessorImpl.invoke(Unknown Source)&#13;
	at sun.reflect.DelegatingMethodAccessorImpl.invoke(Unknown Source)&#13;
	at java.lang.reflect.Method.invoke(Unknown Source)&#13;
	at org.junit.runners.model.FrameworkMethod$1.runReflectiveCall(FrameworkMethod.java:50)&#13;
	at org.junit.internal.runners.model.ReflectiveCallable.run(ReflectiveCallable.java:12)&#13;
	at org.junit.runners.model.FrameworkMethod.invokeExplosively(FrameworkMethod.java:47)&#13;
	at org.junit.internal.runners.statements.InvokeMethod.evaluate(InvokeMethod.java:17)&#13;
	at org.junit.internal.runners.statements.RunBefores.evaluate(RunBefores.java:26)&#13;
	at org.junit.internal.runners.statements.RunAfters.evaluate(RunAfters.java:27)&#13;
	at org.junit.runners.ParentRunner.runLeaf(ParentRunner.java:325)&#13;
	at org.junit.runners.BlockJUnit4ClassRunner.runChild(BlockJUnit4ClassRunner.java:78)&#13;
	at org.junit.runners.BlockJUnit4ClassRunner.runChild(BlockJUnit4ClassRunner.java:57)&#13;
	at org.junit.runners.ParentRunner$3.run(ParentRunner.java:290)&#13;
	at org.junit.runners.ParentRunner$1.schedule(ParentRunner.java:71)&#13;
	at org.junit.runners.ParentRunner.runChildren(ParentRunner.java:288)&#13;
	at org.junit.runners.ParentRunner.access$000(ParentRunner.java:58)&#13;
	at org.junit.runners.ParentRunner$2.evaluate(ParentRunner.java:268)&#13;
	at org.junit.runners.ParentRunner.run(ParentRunner.java:363)&#13;
	at org.eclipse.jdt.internal.junit4.runner.JUnit4TestReference.run(JUnit4TestReference.java:86)&#13;
	at org.eclipse.jdt.internal.junit.runner.TestExecution.run(TestExecution.java:38)&#13;
	at org.eclipse.jdt.internal.junit.runner.RemoteTestRunner.runTests(RemoteTestRunner.java:459)&#13;
	at org.eclipse.jdt.internal.junit.runner.RemoteTestRunner.runTests(RemoteTestRunner.java:675)&#13;
	at org.eclipse.jdt.internal.junit.runner.RemoteTestRunner.run(RemoteTestRunner.java:382)&#13;
	at org.eclipse.jdt.internal.junit.runner.RemoteTestRunner.main(RemoteTestRunner.java:192)&#13;
&#13;
</failure>
    </testcase>
    <testcase name="testMaxRate" classname="features.FeaturesTest" time="0.079"/>
    <testcase name="testMinRate" classname="features.FeaturesTest" time="0.056"/>
    <testcase name="testNbSimulationBis" classname="features.FeaturesTest" time="0.057"/>
    <testcase name="testGetAgency" classname="features.FeaturesTest" time="0.057"/>
    <testcase name="avgAgeConsumerBis" classname="features.FeaturesTest" time="0.061"/>
    <testcase name="testUserExist" classname="features.FeaturesTest" time="0.083"/>
    <testcase name="testGetClient" classname="features.FeaturesTest" time="0.054"/>
    <testcase name="testAvgDurationLoanBis" classname="features.FeaturesTest" time="0.065"/>
    <testcase name="testNbUsers" classname="features.FeaturesTest" time="0.066"/>
    <testcase name="testMaxRateBis" classname="features.FeaturesTest" time="0.051"/>
    <testcase name="testNbConsumer" classname="features.FeaturesTest" time="0.081"/>
  </testsuite>
</testrun>
